2026-02-20 11:49:48,951 - aqt.main - INFO - installer 14260 aqtinstall(aqt) v3.3.0 on Python 3.12.5 [CPython MSC v.1940 64 bit (AMD64)]
2026-02-20 11:49:48,954 - aqt.helper - DEBUG - helper 14260 Attempt to download checksum at https://download.qt.io/online/qtsdkrepository/windows_x86/desktop/qt6_660/Updates.xml.sha256
2026-02-20 11:49:53,582 - aqt.helper - DEBUG - helper 8556 Attempt to download checksum at https://download.qt.io/online/qtsdkrepository/windows_x86/desktop/qt6_660/qt.qt6.660.win64_msvc2019_64/6.6.0-0-202310040911qtbase-Windows-Windows_10_22H2-MSVC2019-Windows-Windows_10_22H2-X86_64.7z.sha256
2026-02-20 11:49:53,585 - aqt.helper - DEBUG - helper 22580 Attempt to download checksum at https://download.qt.io/online/qtsdkrepository/windows_x86/desktop/qt6_660/qt.qt6.660.win64_msvc2019_64/6.6.0-0-202310040911qtsvg-Windows-Windows_10_22H2-MSVC2019-Windows-Windows_10_22H2-X86_64.7z.sha256
2026-02-20 11:49:53,587 - aqt.helper - DEBUG - helper 21228 Attempt to download checksum at https://download.qt.io/online/qtsdkrepository/windows_x86/desktop/qt6_660/qt.qt6.660.win64_msvc2019_64/6.6.0-0-202310040911qtdeclarative-Windows-Windows_10_22H2-MSVC2019-Windows-Windows_10_22H2-X86_64.7z.sha256
2026-02-20 11:49:53,602 - aqt.helper - DEBUG - helper 19104 Attempt to download checksum at https://download.qt.io/online/qtsdkrepository/windows_x86/desktop/qt6_660/qt.qt6.660.win64_msvc2019_64/6.6.0-0-202310040911qttools-Windows-Windows_10_22H2-MSVC2019-Windows-Windows_10_22H2-X86_64.7z.sha256
2026-02-20 11:49:54,478 - aqt.helper - INFO - helper 22580 Downloading qtsvg...
2026-02-20 11:49:54,484 - aqt.helper - INFO - helper 21228 Downloading qtdeclarative...
2026-02-20 11:49:54,479 - aqt.installer - DEBUG - installer 22580 Download URL: https://download.qt.io/online/qtsdkrepository/windows_x86/desktop/qt6_660/qt.qt6.660.win64_msvc2019_64/6.6.0-0-202310040911qtsvg-Windows-Windows_10_22H2-MSVC2019-Windows-Windows_10_22H2-X86_64.7z
2026-02-20 11:49:54,484 - aqt.installer - DEBUG - installer 21228 Download URL: https://download.qt.io/online/qtsdkrepository/windows_x86/desktop/qt6_660/qt.qt6.660.win64_msvc2019_64/6.6.0-0-202310040911qtdeclarative-Windows-Windows_10_22H2-MSVC2019-Windows-Windows_10_22H2-X86_64.7z
2026-02-20 11:49:54,854 - aqt.helper - INFO - helper 19104 Downloading qttools...
2026-02-20 11:49:54,856 - aqt.installer - DEBUG - installer 19104 Download URL: https://download.qt.io/online/qtsdkrepository/windows_x86/desktop/qt6_660/qt.qt6.660.win64_msvc2019_64/6.6.0-0-202310040911qttools-Windows-Windows_10_22H2-MSVC2019-Windows-Windows_10_22H2-X86_64.7z
2026-02-20 11:49:54,889 - aqt.helper - INFO - helper 8556 Downloading qtbase...
2026-02-20 11:49:54,890 - aqt.installer - DEBUG - installer 8556 Download URL: https://download.qt.io/online/qtsdkrepository/windows_x86/desktop/qt6_660/qt.qt6.660.win64_msvc2019_64/6.6.0-0-202310040911qtbase-Windows-Windows_10_22H2-MSVC2019-Windows-Windows_10_22H2-X86_64.7z
2026-02-20 11:49:55,711 - aqt.helper - DEBUG - helper 22580 Asked to redirect(302) to: https://mirror.maeen.sa/qtproject/online/qtsdkrepository/windows_x86/desktop/qt6_660/qt.qt6.660.win64_msvc2019_64/6.6.0-0-202310040911qtsvg-Windows-Windows_10_22H2-MSVC2019-Windows-Windows_10_22H2-X86_64.7z
2026-02-20 11:49:55,712 - aqt.helper - INFO - helper 22580 Redirected: mirror.maeen.sa
2026-02-20 11:49:55,735 - aqt.helper - DEBUG - helper 21228 Asked to redirect(302) to: https://mirror.maeen.sa/qtproject/online/qtsdkrepository/windows_x86/desktop/qt6_660/qt.qt6.660.win64_msvc2019_64/6.6.0-0-202310040911qtdeclarative-Windows-Windows_10_22H2-MSVC2019-Windows-Windows_10_22H2-X86_64.7z
2026-02-20 11:49:55,735 - aqt.helper - INFO - helper 21228 Redirected: mirror.maeen.sa
2026-02-20 11:49:56,097 - aqt.helper - DEBUG - helper 19104 Asked to redirect(302) to: https://mirror.maeen.sa/qtproject/online/qtsdkrepository/windows_x86/desktop/qt6_660/qt.qt6.660.win64_msvc2019_64/6.6.0-0-202310040911qttools-Windows-Windows_10_22H2-MSVC2019-Windows-Windows_10_22H2-X86_64.7z
2026-02-20 11:49:56,097 - aqt.helper - INFO - helper 19104 Redirected: mirror.maeen.sa
2026-02-20 11:49:56,111 - aqt.helper - DEBUG - helper 8556 Asked to redirect(302) to: https://mirror.maeen.sa/qtproject/online/qtsdkrepository/windows_x86/desktop/qt6_660/qt.qt6.660.win64_msvc2019_64/6.6.0-0-202310040911qtbase-Windows-Windows_10_22H2-MSVC2019-Windows-Windows_10_22H2-X86_64.7z
2026-02-20 11:49:56,111 - aqt.helper - INFO - helper 8556 Redirected: mirror.maeen.sa
2026-02-20 11:49:58,174 - aqt.installer - INFO - installer 22580 Finished installation of qtsvg-Windows-Windows_10_22H2-MSVC2019-Windows-Windows_10_22H2-X86_64.7z in 4.59135520
2026-02-20 11:49:58,194 - aqt.helper - DEBUG - helper 22580 Attempt to download checksum at https://download.qt.io/online/qtsdkrepository/windows_x86/desktop/qt6_660/qt.qt6.660.win64_msvc2019_64/6.6.0-0-202310040911qttranslations-Windows-Windows_10_22H2-MSVC2019-Windows-Windows_10_22H2-X86_64.7z.sha256
2026-02-20 11:49:59,122 - aqt.helper - INFO - helper 22580 Downloading qttranslations...
2026-02-20 11:49:59,123 - aqt.installer - DEBUG - installer 22580 Download URL: https://download.qt.io/online/qtsdkrepository/windows_x86/desktop/qt6_660/qt.qt6.660.win64_msvc2019_64/6.6.0-0-202310040911qttranslations-Windows-Windows_10_22H2-MSVC2019-Windows-Windows_10_22H2-X86_64.7z
2026-02-20 11:50:00,002 - aqt.helper - DEBUG - helper 22580 Asked to redirect(302) to: https://mirror.maeen.sa/qtproject/online/qtsdkrepository/windows_x86/desktop/qt6_660/qt.qt6.660.win64_msvc2019_64/6.6.0-0-202310040911qttranslations-Windows-Windows_10_22H2-MSVC2019-Windows-Windows_10_22H2-X86_64.7z
2026-02-20 11:50:00,002 - aqt.helper - INFO - helper 22580 Redirected: mirror.maeen.sa
2026-02-20 11:50:03,195 - aqt.installer - INFO - installer 22580 Finished installation of qttranslations-Windows-Windows_10_22H2-MSVC2019-Windows-Windows_10_22H2-X86_64.7z in 5.00479110
2026-02-20 11:50:03,214 - aqt.helper - DEBUG - helper 22580 Attempt to download checksum at https://download.qt.io/online/qtsdkrepository/windows_x86/desktop/qt6_660/qt.qt6.660.win64_msvc2019_64/6.6.0-0-202310040911d3dcompiler_47-x64.7z.sha256
2026-02-20 11:50:04,518 - aqt.helper - INFO - helper 22580 Downloading d3dcompiler_47...
2026-02-20 11:50:04,518 - aqt.installer - DEBUG - installer 22580 Download URL: https://download.qt.io/online/qtsdkrepository/windows_x86/desktop/qt6_660/qt.qt6.660.win64_msvc2019_64/6.6.0-0-202310040911d3dcompiler_47-x64.7z
2026-02-20 11:50:05,849 - aqt.helper - DEBUG - helper 22580 Asked to redirect(302) to: https://mirror.maeen.sa/qtproject/online/qtsdkrepository/windows_x86/desktop/qt6_660/qt.qt6.660.win64_msvc2019_64/6.6.0-0-202310040911d3dcompiler_47-x64.7z
2026-02-20 11:50:05,849 - aqt.helper - INFO - helper 22580 Redirected: mirror.maeen.sa
2026-02-20 11:50:08,890 - aqt.installer - INFO - installer 22580 Finished installation of d3dcompiler_47-x64.7z in 5.67870410
2026-02-20 11:50:08,921 - aqt.helper - DEBUG - helper 22580 Attempt to download checksum at https://download.qt.io/online/qtsdkrepository/windows_x86/desktop/qt6_660/qt.qt6.660.win64_msvc2019_64/6.6.0-0-202310040911opengl32sw-64-mesa_11_2_2-signed_sha256.7z.sha256
2026-02-20 11:50:09,868 - aqt.helper - INFO - helper 22580 Downloading opengl32sw...
2026-02-20 11:50:09,868 - aqt.installer - DEBUG - installer 22580 Download URL: https://download.qt.io/online/qtsdkrepository/windows_x86/desktop/qt6_660/qt.qt6.660.win64_msvc2019_64/6.6.0-0-202310040911opengl32sw-64-mesa_11_2_2-signed_sha256.7z
2026-02-20 11:50:10,889 - aqt.helper - DEBUG - helper 22580 Asked to redirect(302) to: https://mirror.maeen.sa/qtproject/online/qtsdkrepository/windows_x86/desktop/qt6_660/qt.qt6.660.win64_msvc2019_64/6.6.0-0-202310040911opengl32sw-64-mesa_11_2_2-signed_sha256.7z
2026-02-20 11:50:10,889 - aqt.helper - INFO - helper 22580 Redirected: mirror.maeen.sa
2026-02-20 11:50:15,827 - aqt.installer - INFO - installer 22580 Finished installation of opengl32sw-64-mesa_11_2_2-signed_sha256.7z in 6.90981290
2026-02-20 11:50:26,578 - aqt.installer - INFO - installer 8556 Finished installation of qtbase-Windows-Windows_10_22H2-MSVC2019-Windows-Windows_10_22H2-X86_64.7z in 32.99854970
2026-02-20 11:50:36,515 - aqt.installer - INFO - installer 19104 Finished installation of qttools-Windows-Windows_10_22H2-MSVC2019-Windows-Windows_10_22H2-X86_64.7z in 42.91646560
2026-02-20 11:51:06,940 - aqt.installer - INFO - installer 21228 Finished installation of qtdeclarative-Windows-Windows_10_22H2-MSVC2019-Windows-Windows_10_22H2-X86_64.7z in 73.35598490
2026-02-20 11:51:07,883 - aqt.updater - INFO - updater 14260 Patching C:\Qt\6.6.0\msvc2019_64\bin\qmake.exe
2026-02-20 11:51:07,890 - aqt.updater - INFO - updater 14260 Patching C:\Qt\6.6.0\msvc2019_64\lib\Qt6Concurrent.prl
2026-02-20 11:51:07,906 - aqt.updater - INFO - updater 14260 Patching C:\Qt\6.6.0\msvc2019_64\lib\Qt6Concurrentd.prl
2026-02-20 11:51:07,921 - aqt.updater - INFO - updater 14260 Patching C:\Qt\6.6.0\msvc2019_64\lib\Qt6Core.prl
2026-02-20 11:51:07,934 - aqt.updater - INFO - updater 14260 Patching C:\Qt\6.6.0\msvc2019_64\lib\Qt6Cored.prl
2026-02-20 11:51:07,952 - aqt.updater - INFO - updater 14260 Patching C:\Qt\6.6.0\msvc2019_64\lib\Qt6DBus.prl
2026-02-20 11:51:07,965 - aqt.updater - INFO - updater 14260 Patching C:\Qt\6.6.0\msvc2019_64\lib\Qt6DBusd.prl
2026-02-20 11:51:07,978 - aqt.updater - INFO - updater 14260 Patching C:\Qt\6.6.0\msvc2019_64\lib\Qt6Designer.prl
2026-02-20 11:51:07,993 - aqt.updater - INFO - updater 14260 Patching C:\Qt\6.6.0\msvc2019_64\lib\Qt6DesignerComponents.prl
2026-02-20 11:51:08,010 - aqt.updater - INFO - updater 14260 Patching C:\Qt\6.6.0\msvc2019_64\lib\Qt6DesignerComponentsd.prl
2026-02-20 11:51:08,022 - aqt.updater - INFO - updater 14260 Patching C:\Qt\6.6.0\msvc2019_64\lib\Qt6Designerd.prl
2026-02-20 11:51:08,035 - aqt.updater - INFO - updater 14260 Patching C:\Qt\6.6.0\msvc2019_64\lib\Qt6DeviceDiscoverySupport.prl
2026-02-20 11:51:08,051 - aqt.updater - INFO - updater 14260 Patching C:\Qt\6.6.0\msvc2019_64\lib\Qt6DeviceDiscoverySupportd.prl
2026-02-20 11:51:08,067 - aqt.updater - INFO - updater 14260 Patching C:\Qt\6.6.0\msvc2019_64\lib\Qt6EntryPoint.prl
2026-02-20 11:51:08,085 - aqt.updater - INFO - updater 14260 Patching C:\Qt\6.6.0\msvc2019_64\lib\Qt6EntryPointd.prl
2026-02-20 11:51:08,100 - aqt.updater - INFO - updater 14260 Patching C:\Qt\6.6.0\msvc2019_64\lib\Qt6ExampleIcons.prl
2026-02-20 11:51:08,114 - aqt.updater - INFO - updater 14260 Patching C:\Qt\6.6.0\msvc2019_64\lib\Qt6ExampleIconsd.prl
2026-02-20 11:51:08,129 - aqt.updater - INFO - updater 14260 Patching C:\Qt\6.6.0\msvc2019_64\lib\Qt6FbSupport.prl
2026-02-20 11:51:08,143 - aqt.updater - INFO - updater 14260 Patching C:\Qt\6.6.0\msvc2019_64\lib\Qt6FbSupportd.prl
2026-02-20 11:51:08,157 - aqt.updater - INFO - updater 14260 Patching C:\Qt\6.6.0\msvc2019_64\lib\Qt6Gui.prl
2026-02-20 11:51:08,174 - aqt.updater - INFO - updater 14260 Patching C:\Qt\6.6.0\msvc2019_64\lib\Qt6Guid.prl
2026-02-20 11:51:08,188 - aqt.updater - INFO - updater 14260 Patching C:\Qt\6.6.0\msvc2019_64\lib\Qt6Help.prl
2026-02-20 11:51:08,204 - aqt.updater - INFO - updater 14260 Patching C:\Qt\6.6.0\msvc2019_64\lib\Qt6Helpd.prl
2026-02-20 11:51:08,217 - aqt.updater - INFO - updater 14260 Patching C:\Qt\6.6.0\msvc2019_64\lib\Qt6LabsAnimation.prl
2026-02-20 11:51:08,229 - aqt.updater - INFO - updater 14260 Patching C:\Qt\6.6.0\msvc2019_64\lib\Qt6LabsAnimationd.prl
2026-02-20 11:51:08,241 - aqt.updater - INFO - updater 14260 Patching C:\Qt\6.6.0\msvc2019_64\lib\Qt6LabsFolderListModel.prl
2026-02-20 11:51:08,257 - aqt.updater - INFO - updater 14260 Patching C:\Qt\6.6.0\msvc2019_64\lib\Qt6LabsFolderListModeld.prl
2026-02-20 11:51:08,270 - aqt.updater - INFO - updater 14260 Patching C:\Qt\6.6.0\msvc2019_64\lib\Qt6LabsQmlModels.prl
2026-02-20 11:51:08,286 - aqt.updater - INFO - updater 14260 Patching C:\Qt\6.6.0\msvc2019_64\lib\Qt6LabsQmlModelsd.prl
2026-02-20 11:51:08,300 - aqt.updater - INFO - updater 14260 Patching C:\Qt\6.6.0\msvc2019_64\lib\Qt6LabsSettings.prl
2026-02-20 11:51:08,312 - aqt.updater - INFO - updater 14260 Patching C:\Qt\6.6.0\msvc2019_64\lib\Qt6LabsSettingsd.prl
2026-02-20 11:51:08,327 - aqt.updater - INFO - updater 14260 Patching C:\Qt\6.6.0\msvc2019_64\lib\Qt6LabsSharedImage.prl
2026-02-20 11:51:08,341 - aqt.updater - INFO - updater 14260 Patching C:\Qt\6.6.0\msvc2019_64\lib\Qt6LabsSharedImaged.prl
2026-02-20 11:51:08,357 - aqt.updater - INFO - updater 14260 Patching C:\Qt\6.6.0\msvc2019_64\lib\Qt6LabsWavefrontMesh.prl
2026-02-20 11:51:08,371 - aqt.updater - INFO - updater 14260 Patching C:\Qt\6.6.0\msvc2019_64\lib\Qt6LabsWavefrontMeshd.prl
2026-02-20 11:51:08,387 - aqt.updater - INFO - updater 14260 Patching C:\Qt\6.6.0\msvc2019_64\lib\Qt6Network.prl
2026-02-20 11:51:08,404 - aqt.updater - INFO - updater 14260 Patching C:\Qt\6.6.0\msvc2019_64\lib\Qt6Networkd.prl
2026-02-20 11:51:08,421 - aqt.updater - INFO - updater 14260 Patching C:\Qt\6.6.0\msvc2019_64\lib\Qt6OpenGL.prl
2026-02-20 11:51:08,438 - aqt.updater - INFO - updater 14260 Patching C:\Qt\6.6.0\msvc2019_64\lib\Qt6OpenGLd.prl
2026-02-20 11:51:08,465 - aqt.updater - INFO - updater 14260 Patching C:\Qt\6.6.0\msvc2019_64\lib\Qt6OpenGLWidgets.prl
2026-02-20 11:51:08,482 - aqt.updater - INFO - updater 14260 Patching C:\Qt\6.6.0\msvc2019_64\lib\Qt6OpenGLWidgetsd.prl
2026-02-20 11:51:08,497 - aqt.updater - INFO - updater 14260 Patching C:\Qt\6.6.0\msvc2019_64\lib\Qt6PacketProtocol.prl
2026-02-20 11:51:08,510 - aqt.updater - INFO - updater 14260 Patching C:\Qt\6.6.0\msvc2019_64\lib\Qt6PacketProtocold.prl
2026-02-20 11:51:08,527 - aqt.updater - INFO - updater 14260 Patching C:\Qt\6.6.0\msvc2019_64\lib\Qt6PrintSupport.prl
2026-02-20 11:51:08,541 - aqt.updater - INFO - updater 14260 Patching C:\Qt\6.6.0\msvc2019_64\lib\Qt6PrintSupportd.prl
2026-02-20 11:51:08,556 - aqt.updater - INFO - updater 14260 Patching C:\Qt\6.6.0\msvc2019_64\lib\Qt6Qml.prl
2026-02-20 11:51:08,570 - aqt.updater - INFO - updater 14260 Patching C:\Qt\6.6.0\msvc2019_64\lib\Qt6QmlCompiler.prl
2026-02-20 11:51:08,586 - aqt.updater - INFO - updater 14260 Patching C:\Qt\6.6.0\msvc2019_64\lib\Qt6QmlCompilerd.prl
2026-02-20 11:51:08,605 - aqt.updater - INFO - updater 14260 Patching C:\Qt\6.6.0\msvc2019_64\lib\Qt6QmlCore.prl
2026-02-20 11:51:08,623 - aqt.updater - INFO - updater 14260 Patching C:\Qt\6.6.0\msvc2019_64\lib\Qt6QmlCored.prl
2026-02-20 11:51:08,637 - aqt.updater - INFO - updater 14260 Patching C:\Qt\6.6.0\msvc2019_64\lib\Qt6Qmld.prl
2026-02-20 11:51:08,652 - aqt.updater - INFO - updater 14260 Patching C:\Qt\6.6.0\msvc2019_64\lib\Qt6QmlDebug.prl
2026-02-20 11:51:08,667 - aqt.updater - INFO - updater 14260 Patching C:\Qt\6.6.0\msvc2019_64\lib\Qt6QmlDebugd.prl
2026-02-20 11:51:08,684 - aqt.updater - INFO - updater 14260 Patching C:\Qt\6.6.0\msvc2019_64\lib\Qt6QmlDom.prl
2026-02-20 11:51:08,696 - aqt.updater - INFO - updater 14260 Patching C:\Qt\6.6.0\msvc2019_64\lib\Qt6QmlDomd.prl
2026-02-20 11:51:08,710 - aqt.updater - INFO - updater 14260 Patching C:\Qt\6.6.0\msvc2019_64\lib\Qt6QmlLocalStorage.prl
2026-02-20 11:51:08,723 - aqt.updater - INFO - updater 14260 Patching C:\Qt\6.6.0\msvc2019_64\lib\Qt6QmlLocalStoraged.prl
2026-02-20 11:51:08,736 - aqt.updater - INFO - updater 14260 Patching C:\Qt\6.6.0\msvc2019_64\lib\Qt6QmlLS.prl
2026-02-20 11:51:08,748 - aqt.updater - INFO - updater 14260 Patching C:\Qt\6.6.0\msvc2019_64\lib\Qt6QmlLSd.prl
2026-02-20 11:51:08,764 - aqt.updater - INFO - updater 14260 Patching C:\Qt\6.6.0\msvc2019_64\lib\Qt6QmlModels.prl
2026-02-20 11:51:08,775 - aqt.updater - INFO - updater 14260 Patching C:\Qt\6.6.0\msvc2019_64\lib\Qt6QmlModelsd.prl
2026-02-20 11:51:08,792 - aqt.updater - INFO - updater 14260 Patching C:\Qt\6.6.0\msvc2019_64\lib\Qt6QmlToolingSettings.prl
2026-02-20 11:51:08,808 - aqt.updater - INFO - updater 14260 Patching C:\Qt\6.6.0\msvc2019_64\lib\Qt6QmlToolingSettingsd.prl
2026-02-20 11:51:08,822 - aqt.updater - INFO - updater 14260 Patching C:\Qt\6.6.0\msvc2019_64\lib\Qt6QmlTypeRegistrar.prl
2026-02-20 11:51:08,837 - aqt.updater - INFO - updater 14260 Patching C:\Qt\6.6.0\msvc2019_64\lib\Qt6QmlTypeRegistrard.prl
2026-02-20 11:51:08,852 - aqt.updater - INFO - updater 14260 Patching C:\Qt\6.6.0\msvc2019_64\lib\Qt6QmlWorkerScript.prl
2026-02-20 11:51:08,877 - aqt.updater - INFO - updater 14260 Patching C:\Qt\6.6.0\msvc2019_64\lib\Qt6QmlWorkerScriptd.prl
2026-02-20 11:51:08,891 - aqt.updater - INFO - updater 14260 Patching C:\Qt\6.6.0\msvc2019_64\lib\Qt6QmlXmlListModel.prl
2026-02-20 11:51:08,906 - aqt.updater - INFO - updater 14260 Patching C:\Qt\6.6.0\msvc2019_64\lib\Qt6QmlXmlListModeld.prl
2026-02-20 11:51:08,920 - aqt.updater - INFO - updater 14260 Patching C:\Qt\6.6.0\msvc2019_64\lib\Qt6Quick.prl
2026-02-20 11:51:08,936 - aqt.updater - INFO - updater 14260 Patching C:\Qt\6.6.0\msvc2019_64\lib\Qt6QuickControls2.prl
2026-02-20 11:51:08,952 - aqt.updater - INFO - updater 14260 Patching C:\Qt\6.6.0\msvc2019_64\lib\Qt6QuickControls2d.prl
2026-02-20 11:51:08,967 - aqt.updater - INFO - updater 14260 Patching C:\Qt\6.6.0\msvc2019_64\lib\Qt6QuickControls2Impl.prl
2026-02-20 11:51:08,985 - aqt.updater - INFO - updater 14260 Patching C:\Qt\6.6.0\msvc2019_64\lib\Qt6QuickControls2Impld.prl
2026-02-20 11:51:09,001 - aqt.updater - INFO - updater 14260 Patching C:\Qt\6.6.0\msvc2019_64\lib\Qt6QuickControlsTestUtils.prl
2026-02-20 11:51:09,018 - aqt.updater - INFO - updater 14260 Patching C:\Qt\6.6.0\msvc2019_64\lib\Qt6QuickControlsTestUtilsd.prl
2026-02-20 11:51:09,037 - aqt.updater - INFO - updater 14260 Patching C:\Qt\6.6.0\msvc2019_64\lib\Qt6Quickd.prl
2026-02-20 11:51:09,050 - aqt.updater - INFO - updater 14260 Patching C:\Qt\6.6.0\msvc2019_64\lib\Qt6QuickDialogs2.prl
2026-02-20 11:51:09,064 - aqt.updater - INFO - updater 14260 Patching C:\Qt\6.6.0\msvc2019_64\lib\Qt6QuickDialogs2d.prl
2026-02-20 11:51:09,077 - aqt.updater - INFO - updater 14260 Patching C:\Qt\6.6.0\msvc2019_64\lib\Qt6QuickDialogs2QuickImpl.prl
2026-02-20 11:51:09,094 - aqt.updater - INFO - updater 14260 Patching C:\Qt\6.6.0\msvc2019_64\lib\Qt6QuickDialogs2QuickImpld.prl
2026-02-20 11:51:09,106 - aqt.updater - INFO - updater 14260 Patching C:\Qt\6.6.0\msvc2019_64\lib\Qt6QuickDialogs2Utils.prl
2026-02-20 11:51:09,120 - aqt.updater - INFO - updater 14260 Patching C:\Qt\6.6.0\msvc2019_64\lib\Qt6QuickDialogs2Utilsd.prl
2026-02-20 11:51:09,132 - aqt.updater - INFO - updater 14260 Patching C:\Qt\6.6.0\msvc2019_64\lib\Qt6QuickEffects.prl
2026-02-20 11:51:09,144 - aqt.updater - INFO - updater 14260 Patching C:\Qt\6.6.0\msvc2019_64\lib\Qt6QuickEffectsd.prl
2026-02-20 11:51:09,161 - aqt.updater - INFO - updater 14260 Patching C:\Qt\6.6.0\msvc2019_64\lib\Qt6QuickLayouts.prl
2026-02-20 11:51:09,174 - aqt.updater - INFO - updater 14260 Patching C:\Qt\6.6.0\msvc2019_64\lib\Qt6QuickLayoutsd.prl
2026-02-20 11:51:09,188 - aqt.updater - INFO - updater 14260 Patching C:\Qt\6.6.0\msvc2019_64\lib\Qt6QuickParticles.prl
2026-02-20 11:51:09,201 - aqt.updater - INFO - updater 14260 Patching C:\Qt\6.6.0\msvc2019_64\lib\Qt6QuickParticlesd.prl
2026-02-20 11:51:09,214 - aqt.updater - INFO - updater 14260 Patching C:\Qt\6.6.0\msvc2019_64\lib\Qt6QuickShapes.prl
2026-02-20 11:51:09,229 - aqt.updater - INFO - updater 14260 Patching C:\Qt\6.6.0\msvc2019_64\lib\Qt6QuickShapesd.prl
2026-02-20 11:51:09,241 - aqt.updater - INFO - updater 14260 Patching C:\Qt\6.6.0\msvc2019_64\lib\Qt6QuickTemplates2.prl
2026-02-20 11:51:09,257 - aqt.updater - INFO - updater 14260 Patching C:\Qt\6.6.0\msvc2019_64\lib\Qt6QuickTemplates2d.prl
2026-02-20 11:51:09,270 - aqt.updater - INFO - updater 14260 Patching C:\Qt\6.6.0\msvc2019_64\lib\Qt6QuickTest.prl
2026-02-20 11:51:09,284 - aqt.updater - INFO - updater 14260 Patching C:\Qt\6.6.0\msvc2019_64\lib\Qt6QuickTestd.prl
2026-02-20 11:51:09,301 - aqt.updater - INFO - updater 14260 Patching C:\Qt\6.6.0\msvc2019_64\lib\Qt6QuickTestUtils.prl
2026-02-20 11:51:09,318 - aqt.updater - INFO - updater 14260 Patching C:\Qt\6.6.0\msvc2019_64\lib\Qt6QuickTestUtilsd.prl
2026-02-20 11:51:09,337 - aqt.updater - INFO - updater 14260 Patching C:\Qt\6.6.0\msvc2019_64\lib\Qt6QuickWidgets.prl
2026-02-20 11:51:09,351 - aqt.updater - INFO - updater 14260 Patching C:\Qt\6.6.0\msvc2019_64\lib\Qt6QuickWidgetsd.prl
2026-02-20 11:51:09,370 - aqt.updater - INFO - updater 14260 Patching C:\Qt\6.6.0\msvc2019_64\lib\Qt6Sql.prl
2026-02-20 11:51:09,387 - aqt.updater - INFO - updater 14260 Patching C:\Qt\6.6.0\msvc2019_64\lib\Qt6Sqld.prl
2026-02-20 11:51:09,405 - aqt.updater - INFO - updater 14260 Patching C:\Qt\6.6.0\msvc2019_64\lib\Qt6Svg.prl
2026-02-20 11:51:09,420 - aqt.updater - INFO - updater 14260 Patching C:\Qt\6.6.0\msvc2019_64\lib\Qt6Svgd.prl
2026-02-20 11:51:09,437 - aqt.updater - INFO - updater 14260 Patching C:\Qt\6.6.0\msvc2019_64\lib\Qt6SvgWidgets.prl
2026-02-20 11:51:09,451 - aqt.updater - INFO - updater 14260 Patching C:\Qt\6.6.0\msvc2019_64\lib\Qt6SvgWidgetsd.prl
2026-02-20 11:51:09,465 - aqt.updater - INFO - updater 14260 Patching C:\Qt\6.6.0\msvc2019_64\lib\Qt6Test.prl
2026-02-20 11:51:09,477 - aqt.updater - INFO - updater 14260 Patching C:\Qt\6.6.0\msvc2019_64\lib\Qt6Testd.prl
2026-02-20 11:51:09,491 - aqt.updater - INFO - updater 14260 Patching C:\Qt\6.6.0\msvc2019_64\lib\Qt6UiTools.prl
2026-02-20 11:51:09,504 - aqt.updater - INFO - updater 14260 Patching C:\Qt\6.6.0\msvc2019_64\lib\Qt6UiToolsd.prl
2026-02-20 11:51:09,518 - aqt.updater - INFO - updater 14260 Patching C:\Qt\6.6.0\msvc2019_64\lib\Qt6Widgets.prl
2026-02-20 11:51:09,531 - aqt.updater - INFO - updater 14260 Patching C:\Qt\6.6.0\msvc2019_64\lib\Qt6Widgetsd.prl
2026-02-20 11:51:09,544 - aqt.updater - INFO - updater 14260 Patching C:\Qt\6.6.0\msvc2019_64\lib\Qt6Xml.prl
2026-02-20 11:51:09,559 - aqt.updater - INFO - updater 14260 Patching C:\Qt\6.6.0\msvc2019_64\lib\Qt6Xmld.prl
2026-02-20 11:51:09,573 - aqt.main - INFO - installer 14260 Finished installation
2026-02-20 11:51:09,573 - aqt.main - INFO - installer 14260 Time elapsed: 80.62117250 second
